[02-Aug-2017 19:20:20 UTC] PHP Parse error:  syntax error, unexpected '}' in /home/ubuntu/workspace/wp-content/plugins/fun-facts-display/ffd.php on line 38
[02-Aug-2017 19:20:20 UTC] PHP Stack trace:
[02-Aug-2017 19:20:20 UTC] PHP   1. {main}() /home/ubuntu/workspace/wp-admin/plugins.php:0
[02-Aug-2017 19:20:20 UTC] PHP   2. activate_plugin() /home/ubuntu/workspace/wp-admin/plugins.php:42
[02-Aug-2017 19:20:21 UTC] PHP Parse error:  syntax error, unexpected '}' in /home/ubuntu/workspace/wp-content/plugins/fun-facts-display/ffd.php on line 38
[02-Aug-2017 19:20:21 UTC] PHP Stack trace:
[02-Aug-2017 19:20:21 UTC] PHP   1. {main}() /home/ubuntu/workspace/wp-admin/plugins.php:0
[02-Aug-2017 19:20:21 UTC] PHP   2. plugin_sandbox_scrape() /home/ubuntu/workspace/wp-admin/plugins.php:164
[02-Aug-2017 19:20:21 UTC] PHP Parse error:  syntax error, unexpected '}' in /home/ubuntu/workspace/wp-content/plugins/fun-facts-display/ffd.php on line 38
[02-Aug-2017 19:20:21 UTC] PHP Stack trace:
[02-Aug-2017 19:20:21 UTC] PHP   1. {main}() /home/ubuntu/workspace/wp-admin/plugins.php:0
[02-Aug-2017 19:20:21 UTC] PHP   2. plugin_sandbox_scrape() /home/ubuntu/workspace/wp-admin/plugins.php:164
[02-Aug-2017 19:40:51 UTC] PHP Parse error:  syntax error, unexpected '$funfact' (T_VARIABLE), expecting ',' or ';' in /home/ubuntu/workspace/wp-content/plugins/fun-facts-display/ffd.php on line 30
[02-Aug-2017 19:40:51 UTC] PHP Stack trace:
[02-Aug-2017 19:40:51 UTC] PHP   1. {main}() /home/ubuntu/workspace/wp-admin/admin-ajax.php:0
[02-Aug-2017 19:40:51 UTC] PHP   2. require_once() /home/ubuntu/workspace/wp-admin/admin-ajax.php:22
[02-Aug-2017 19:40:51 UTC] PHP   3. require_once() /home/ubuntu/workspace/wp-load.php:37
[02-Aug-2017 19:40:51 UTC] PHP   4. require_once() /home/ubuntu/workspace/wp-config.php:92
[02-Aug-2017 19:54:30 UTC] PHP Parse error:  syntax error, unexpected '' (T_ENCAPSED_AND_WHITESPACE), expecting identifier (T_STRING) or variable (T_VARIABLE) or number (T_NUM_STRING) in /home/ubuntu/workspace/wp-content/plugins/fun-facts-display/ffd.php on line 30
[02-Aug-2017 19:54:30 UTC] PHP Stack trace:
[02-Aug-2017 19:54:30 UTC] PHP   1. {main}() /home/ubuntu/workspace/wp-admin/admin-ajax.php:0
[02-Aug-2017 19:54:30 UTC] PHP   2. require_once() /home/ubuntu/workspace/wp-admin/admin-ajax.php:22
[02-Aug-2017 19:54:30 UTC] PHP   3. require_once() /home/ubuntu/workspace/wp-load.php:37
[02-Aug-2017 19:54:30 UTC] PHP   4. require_once() /home/ubuntu/workspace/wp-config.php:92
